<?xml version="1.0" encoding="UTF-8"?>
<robot generator="Robot 6.1.1 (Python 3.10.12 on linux)" generated="20230904 09:47:08.491" rpa="false" schemaversion="4">
<suite id="s1" name="Skinmage" source="/home/informatica/workspace/ServeRestTestes/Testes/skinmage.robot">
<test id="s1-t1" name="O filtro e a imagem têm o mesmo formato?" line="5">
<kw name="Camera Image Shape" library="sikimage">
<var>${camera}</var>
<msg timestamp="20230904 09:47:08.671" level="INFO">${camera} = (512, 512)</msg>
<status status="PASS" starttime="20230904 09:47:08.570" endtime="20230904 09:47:08.671"/>
</kw>
<kw name="Edges Image Shape" library="sikimage">
<var>${edge}</var>
<msg timestamp="20230904 09:47:08.885" level="INFO">${edge} = (512, 512)</msg>
<status status="PASS" starttime="20230904 09:47:08.671" endtime="20230904 09:47:08.885"/>
</kw>
<kw name="Should Be Equal" library="BuiltIn">
<arg>${camera}</arg>
<arg>${edge}</arg>
<doc>Fails if the given objects are unequal.</doc>
<status status="PASS" starttime="20230904 09:47:08.885" endtime="20230904 09:47:08.886"/>
</kw>
<status status="PASS" starttime="20230904 09:47:08.569" endtime="20230904 09:47:08.886"/>
</test>
<status status="PASS" starttime="20230904 09:47:08.492" endtime="20230904 09:47:08.886"/>
</suite>
<statistics>
<total>
<stat pass="1" fail="0" skip="0">All Tests</stat>
</total>
<tag>
</tag>
<suite>
<stat pass="1" fail="0" skip="0" id="s1" name="Skinmage">Skinmage</stat>
</suite>
</statistics>
<errors>
</errors>
</robot>
