<?xml version="1.0" encoding="UTF-8"?>
<robot generator="Robot 6.1.1 (Python 3.10.12 on linux)" generated="20230906 10:14:01.090" rpa="false" schemaversion="4">
<suite id="s1" name="GET produtos" source="/home/informatica/workspace/ServeRestTestes/Testes/GET_produtos.robot">
<test id="s1-t1" name="Cenário 1: Pesquisar produto por um id válido" line="6">
<kw name="DADO que o usuário inicie a sessão na API do serverest" library="cadastro_keywords">
<doc>Inicia a cessão na API do serverest</doc>
<kw name="Create Dictionary" library="BuiltIn">
<var>${HEADERS}</var>
<arg>Content-Type=application/json</arg>
<doc>Creates and returns a dictionary based on the given ``items``.</doc>
<msg timestamp="20230906 10:14:03.946" level="INFO">${HEADERS} = {'Content-Type': 'application/json'}</msg>
<status status="PASS" starttime="20230906 10:14:03.946" endtime="20230906 10:14:03.946"/>
</kw>
<kw name="Create Session" library="RequestsLibrary">
<arg>alias=serveRest</arg>
<arg>url=${BASE_URL}</arg>
<arg>headers=${HEADERS}</arg>
<arg>disable_warnings=1</arg>
<doc>Create Session: create a HTTP session to a server</doc>
<msg timestamp="20230906 10:14:03.947" level="INFO">Creating Session using : alias=serveRest, url=https://serverest.dev, headers={'Content-Type': 'application/json'},                     cookies={}, auth=None, timeout=None, proxies=None, verify=False,                     debug=0 </msg>
<status status="PASS" starttime="20230906 10:14:03.946" endtime="20230906 10:14:03.947"/>
</kw>
<status status="PASS" starttime="20230906 10:14:03.945" endtime="20230906 10:14:03.947"/>
</kw>
<kw name="E realize o cadastro no sistema" library="cadastro_keywords">
<kw name="Criar dados do usuário" library="cadastro_keywords">
<doc>Cria um dicionário com os dados do usuário</doc>
<kw name="First Name" library="FakerLibrary">
<var>${FIRT_NAME}</var>
<msg timestamp="20230906 10:14:03.948" level="INFO">${FIRT_NAME} = Amanda</msg>
<status status="PASS" starttime="20230906 10:14:03.948" endtime="20230906 10:14:03.948"/>
</kw>
<kw name="Last Name" library="FakerLibrary">
<var>${LAST_NAME}</var>
<msg timestamp="20230906 10:14:03.948" level="INFO">${LAST_NAME} = Patrick</msg>
<status status="PASS" starttime="20230906 10:14:03.948" endtime="20230906 10:14:03.948"/>
</kw>
<kw name="Email" library="FakerLibrary">
<var>${EMAIL}</var>
<msg timestamp="20230906 10:14:03.949" level="INFO">${EMAIL} = pattersonjohn@example.net</msg>
<status status="PASS" starttime="20230906 10:14:03.949" endtime="20230906 10:14:03.949"/>
</kw>
<kw name="Password" library="FakerLibrary">
<var>${PASSWORD}</var>
<doc>Generate a random password of the specified ``length``.</doc>
<msg timestamp="20230906 10:14:03.949" level="INFO">${PASSWORD} = C%^h6SfqqC</msg>
<status status="PASS" starttime="20230906 10:14:03.949" endtime="20230906 10:14:03.949"/>
</kw>
<kw name="Create Dictionary" library="BuiltIn">
<var>${USUARIO}</var>
<arg>nome=${FIRT_NAME} ${LAST_NAME}</arg>
<arg>email=${EMAIL}</arg>
<arg>senha=${PASSWORD}</arg>
<doc>Creates and returns a dictionary based on the given ``items``.</doc>
<msg timestamp="20230906 10:14:03.950" level="INFO">${USUARIO} = {'nome': 'Amanda Patrick', 'email': 'pattersonjohn@example.net', 'senha': 'C%^h6SfqqC'}</msg>
<status status="PASS" starttime="20230906 10:14:03.949" endtime="20230906 10:14:03.950"/>
</kw>
<kw name="Set Suite Variable" library="BuiltIn">
<arg>${USUARIO}</arg>
<doc>Makes a variable available everywhere within the scope of the current suite.</doc>
<msg timestamp="20230906 10:14:03.950" level="INFO">${USUARIO} = {'nome': 'Amanda Patrick', 'email': 'pattersonjohn@example.net', 'senha': 'C%^h6SfqqC'}</msg>
<status status="PASS" starttime="20230906 10:14:03.950" endtime="20230906 10:14:03.950"/>
</kw>
<status status="PASS" starttime="20230906 10:14:03.948" endtime="20230906 10:14:03.950"/>
</kw>
<kw name="Create Dictionary" library="BuiltIn">
<var>${Body}</var>
<arg>nome=${USUARIO.nome}</arg>
<arg>email=${USUARIO.email}</arg>
<arg>password=${USUARIO.senha}</arg>
<arg>administrador=true</arg>
<doc>Creates and returns a dictionary based on the given ``items``.</doc>
<msg timestamp="20230906 10:14:03.952" level="INFO">${Body} = {'nome': 'Amanda Patrick', 'email': 'pattersonjohn@example.net', 'password': 'C%^h6SfqqC', 'administrador': 'true'}</msg>
<status status="PASS" starttime="20230906 10:14:03.950" endtime="20230906 10:14:03.952"/>
</kw>
<kw name="POST On Session" library="RequestsLibrary">
<var>${RESPONSE}</var>
<arg>alias=serveRest</arg>
<arg>url=usuarios</arg>
<arg>json=${BODY}</arg>
<doc>Sends a POST request on a previously created HTTP Session.</doc>
<msg timestamp="20230906 10:14:04.819" level="INFO">POST Request : url=https://serverest.dev/usuarios 
 path_url=/usuarios 
 headers={'User-Agent': 'python-requests/2.25.1', 'Accept-Encoding': 'gzip, deflate', 'Accept': '*/*', 'Connection': 'keep-alive', 'Content-Type': 'application/json', 'Content-Length': '115'} 
 body=b'{"nome": "Amanda Patrick", "email": "pattersonjohn@example.net", "password": "C%^h6SfqqC", "administrador": "true"}' 
 </msg>
<msg timestamp="20230906 10:14:04.819" level="INFO">POST Response : url=https://serverest.dev/usuarios 
 status=201, reason=Created 
 headers={'access-control-allow-origin': '*', 'x-dns-prefetch-control': 'off', 'x-frame-options': 'SAMEORIGIN', 'strict-transport-security': 'max-age=15552000; includeSubDomains', 'x-download-options': 'noopen', 'x-content-type-options': 'nosniff', 'x-xss-protection': '1; mode=block', 'x-moesif-transaction-id': '2e935e6a-240e-4cdf-ba21-78bc18839a4f', 'content-type': 'application/json; charset=utf-8', 'X-Cloud-Trace-Context': 'e044737b58a7eb81b14a1d34da4757f3;o=1', 'Date': 'Wed, 06 Sep 2023 13:13:56 GMT', 'Server': 'Google Frontend', 'Content-Length': '82'} 
 body={
    "message": "Cadastro realizado com sucesso",
    "_id": "1UKgF3DOL9TBC8Ne"
} 
 </msg>
<msg timestamp="20230906 10:14:04.820" level="INFO">${RESPONSE} = &lt;Response [201]&gt;</msg>
<status status="PASS" starttime="20230906 10:14:03.952" endtime="20230906 10:14:04.820"/>
</kw>
<kw name="Log" library="BuiltIn">
<arg>Resposta Retornada: ${\n}${RESPONSE.text}</arg>
<doc>Logs the given message with the given level.</doc>
<msg timestamp="20230906 10:14:04.822" level="INFO">Resposta Retornada: 
{
    "message": "Cadastro realizado com sucesso",
    "_id": "1UKgF3DOL9TBC8Ne"
}</msg>
<status status="PASS" starttime="20230906 10:14:04.820" endtime="20230906 10:14:04.823"/>
</kw>
<status status="PASS" starttime="20230906 10:14:03.947" endtime="20230906 10:14:04.823"/>
</kw>
<kw name="QUANDO o usuário receber o Token" library="cadastro_keywords">
<kw name="Create Dictionary" library="BuiltIn">
<var>${BODY}</var>
<arg>email=${USUARIO.email}</arg>
<arg>password=${USUARIO.senha}</arg>
<doc>Creates and returns a dictionary based on the given ``items``.</doc>
<msg timestamp="20230906 10:14:04.828" level="INFO">${BODY} = {'email': 'pattersonjohn@example.net', 'password': 'C%^h6SfqqC'}</msg>
<status status="PASS" starttime="20230906 10:14:04.824" endtime="20230906 10:14:04.828"/>
</kw>
<kw name="POST On Session" library="RequestsLibrary">
<var>${RESPONSE}</var>
<arg>alias=serveRest</arg>
<arg>url=login</arg>
<arg>json=${BODY}</arg>
<doc>Sends a POST request on a previously created HTTP Session.</doc>
<msg timestamp="20230906 10:14:05.030" level="INFO">POST Request : url=https://serverest.dev/login 
 path_url=/login 
 headers={'User-Agent': 'python-requests/2.25.1', 'Accept-Encoding': 'gzip, deflate', 'Accept': '*/*', 'Connection': 'keep-alive', 'Content-Type': 'application/json', 'Content-Length': '64'} 
 body=b'{"email": "pattersonjohn@example.net", "password": "C%^h6SfqqC"}' 
 </msg>
<msg timestamp="20230906 10:14:05.030" level="INFO">POST Response : url=https://serverest.dev/login 
 status=200, reason=OK 
 headers={'access-control-allow-origin': '*', 'x-dns-prefetch-control': 'off', 'x-frame-options': 'SAMEORIGIN', 'strict-transport-security': 'max-age=15552000; includeSubDomains', 'x-download-options': 'noopen', 'x-content-type-options': 'nosniff', 'x-xss-protection': '1; mode=block', 'x-moesif-transaction-id': '5ce5a803-f7bb-4661-ac2c-1e6cc9c075ef', 'content-type': 'application/json; charset=utf-8', 'X-Cloud-Trace-Context': '5130444c4396922c737dcf178920d188', 'Date': 'Wed, 06 Sep 2023 13:13:56 GMT', 'Server': 'Google Frontend', 'Content-Length': '288'} 
 body={
    "message": "Login realizado com sucesso",
    "authorization": "Bearer eyJhbGciOiJIUzI1NiIsInR5cCI6IkpXVCJ9.eyJlbWFpbCI6InBhdHRlcnNvbmpvaG5AZXhhbXBsZS5uZXQiLCJwYXNzd29yZCI6IkMlXmg2U2ZxcUMiLCJpYXQiOjE2OTQwMDYwMzYsImV4cCI6MTY5NDAwNjYzNn0.W2dHIXSJtexaFosglAJNk9AUqOoKS-1Y2_fh33KXoPY"
} 
 </msg>
<msg timestamp="20230906 10:14:05.031" level="INFO">${RESPONSE} = &lt;Response [200]&gt;</msg>
<status status="PASS" starttime="20230906 10:14:04.828" endtime="20230906 10:14:05.031"/>
</kw>
<kw name="Log" library="BuiltIn">
<arg>Resposta Retornada: ${\n}${RESPONSE.text}</arg>
<doc>Logs the given message with the given level.</doc>
<msg timestamp="20230906 10:14:05.033" level="INFO">Resposta Retornada: 
{
    "message": "Login realizado com sucesso",
    "authorization": "Bearer eyJhbGciOiJIUzI1NiIsInR5cCI6IkpXVCJ9.eyJlbWFpbCI6InBhdHRlcnNvbmpvaG5AZXhhbXBsZS5uZXQiLCJwYXNzd29yZCI6IkMlXmg2U2ZxcUMiLCJpYXQiOjE2OTQwMDYwMzYsImV4cCI6MTY5NDAwNjYzNn0.W2dHIXSJtexaFosglAJNk9AUqOoKS-1Y2_fh33KXoPY"
}</msg>
<status status="PASS" starttime="20230906 10:14:05.031" endtime="20230906 10:14:05.033"/>
</kw>
<kw name="Dictionary Should Contain Item" library="Collections">
<arg>${RESPONSE.json()}</arg>
<arg>message</arg>
<arg>Login realizado com sucesso</arg>
<doc>An item of ``key`` / ``value`` must be found in a ``dictionary``.</doc>
<status status="PASS" starttime="20230906 10:14:05.034" endtime="20230906 10:14:05.036"/>
</kw>
<kw name="Get From Dictionary" library="Collections">
<var>${TOKEN}</var>
<arg>${RESPONSE.json()}</arg>
<arg>authorization</arg>
<doc>Returns a value from the given ``dictionary`` based on the given ``key``.</doc>
<msg timestamp="20230906 10:14:05.038" level="INFO">${TOKEN} = Bearer eyJhbGciOiJIUzI1NiIsInR5cCI6IkpXVCJ9.eyJlbWFpbCI6InBhdHRlcnNvbmpvaG5AZXhhbXBsZS5uZXQiLCJwYXNzd29yZCI6IkMlXmg2U2ZxcUMiLCJpYXQiOjE2OTQwMDYwMzYsImV4cCI6MTY5NDAwNjYzNn0.W2dHIXSJtexaFosglAJNk9AUqOoK...</msg>
<status status="PASS" starttime="20230906 10:14:05.036" endtime="20230906 10:14:05.038"/>
</kw>
<kw name="Set Suite Variable" library="BuiltIn">
<arg>${TOKEN}</arg>
<doc>Makes a variable available everywhere within the scope of the current suite.</doc>
<msg timestamp="20230906 10:14:05.040" level="INFO">${TOKEN} = Bearer eyJhbGciOiJIUzI1NiIsInR5cCI6IkpXVCJ9.eyJlbWFpbCI6InBhdHRlcnNvbmpvaG5AZXhhbXBsZS5uZXQiLCJwYXNzd29yZCI6IkMlXmg2U2ZxcUMiLCJpYXQiOjE2OTQwMDYwMzYsImV4cCI6MTY5NDAwNjYzNn0.W2dHIXSJtexaFosglAJNk9AUqOoK...</msg>
<status status="PASS" starttime="20230906 10:14:05.039" endtime="20230906 10:14:05.040"/>
</kw>
<status status="PASS" starttime="20230906 10:14:04.823" endtime="20230906 10:14:05.040"/>
</kw>
<kw name="E realizar a requisição do produto ${_id}" library="GET_produtos_keywords" sourcename="E realizar a requisição do produto ${_id}">
<doc>Realiza uma requisição informando o id do produto no path do endpoint</doc>
<kw name="GET On Session" library="RequestsLibrary">
<var>${RESPONSE}</var>
<arg>alias=serveRest</arg>
<arg>url=/produtos/${_id}</arg>
<doc>Sends a GET request on a previously created HTTP Session.</doc>
<msg timestamp="20230906 10:14:05.243" level="INFO">GET Request : url=https://serverest.dev/produtos/K6leHdftCeOJj8BJ 
 path_url=/produtos/K6leHdftCeOJj8BJ 
 headers={'User-Agent': 'python-requests/2.25.1', 'Accept-Encoding': 'gzip, deflate', 'Accept': '*/*', 'Connection': 'keep-alive', 'Content-Type': 'application/json'} 
 body=None 
 </msg>
<msg timestamp="20230906 10:14:05.243" level="INFO">GET Response : url=https://serverest.dev/produtos/K6leHdftCeOJj8BJ 
 status=200, reason=OK 
 headers={'access-control-allow-origin': '*', 'x-dns-prefetch-control': 'off', 'x-frame-options': 'SAMEORIGIN', 'strict-transport-security': 'max-age=15552000; includeSubDomains', 'x-download-options': 'noopen', 'x-content-type-options': 'nosniff', 'x-xss-protection': '1; mode=block', 'x-moesif-transaction-id': '4b5575d8-7f55-4cf5-8191-34c1c9639e3c', 'content-type': 'application/json; charset=utf-8', 'X-Cloud-Trace-Context': 'b0f50de1257e7b79a844bd7a8616757b', 'Date': 'Wed, 06 Sep 2023 13:13:57 GMT', 'Server': 'Google Frontend', 'Content-Length': '136'} 
 body={
    "nome": "Samsung 60 polegadas",
    "preco": 5240,
    "descricao": "TV",
    "quantidade": 49977,
    "_id": "K6leHdftCeOJj8BJ"
} 
 </msg>
<msg timestamp="20230906 10:14:05.243" level="INFO">${RESPONSE} = &lt;Response [200]&gt;</msg>
<status status="PASS" starttime="20230906 10:14:05.042" endtime="20230906 10:14:05.243"/>
</kw>
<status status="PASS" starttime="20230906 10:14:05.040" endtime="20230906 10:14:05.244"/>
</kw>
<kw name="Então o sistema deve retornar um json com o produto relacionado ao id pesquisado" library="GET_produtos_keywords">
<doc>Verifica se o produto retornado está correto e se o código é 200.</doc>
<kw name="Create Dictionary" library="BuiltIn">
<var>${HEADERS}</var>
<arg>Authorization=${TOKEN}</arg>
<doc>Creates and returns a dictionary based on the given ``items``.</doc>
<msg timestamp="20230906 10:14:05.246" level="INFO">${HEADERS} = {'Authorization': 'Bearer eyJhbGciOiJIUzI1NiIsInR5cCI6IkpXVCJ9.eyJlbWFpbCI6InBhdHRlcnNvbmpvaG5AZXhhbXBsZS5uZXQiLCJwYXNzd29yZCI6IkMlXmg2U2ZxcUMiLCJpYXQiOjE2OTQwMDYwMzYsImV4cCI6MTY5NDAwNjYzNn0.W2dHIXSJt...</msg>
<status status="PASS" starttime="20230906 10:14:05.245" endtime="20230906 10:14:05.247"/>
</kw>
<kw name="GET On Session" library="RequestsLibrary">
<var>${RESPONSE}</var>
<arg>alias=serveRest</arg>
<arg>url=/produtos/${_id}</arg>
<arg>headers=${HEADERS}</arg>
<doc>Sends a GET request on a previously created HTTP Session.</doc>
<msg timestamp="20230906 10:14:05.445" level="INFO">GET Request : url=https://serverest.dev/produtos/K6leHdftCeOJj8BJ 
 path_url=/produtos/K6leHdftCeOJj8BJ 
 headers={'User-Agent': 'python-requests/2.25.1', 'Accept-Encoding': 'gzip, deflate', 'Accept': '*/*', 'Connection': 'keep-alive', 'Content-Type': 'application/json', 'Authorization': 'Bearer eyJhbGciOiJIUzI1NiIsInR5cCI6IkpXVCJ9.eyJlbWFpbCI6InBhdHRlcnNvbmpvaG5AZXhhbXBsZS5uZXQiLCJwYXNzd29yZCI6IkMlXmg2U2ZxcUMiLCJpYXQiOjE2OTQwMDYwMzYsImV4cCI6MTY5NDAwNjYzNn0.W2dHIXSJtexaFosglAJNk9AUqOoKS-1Y2_fh33KXoPY'} 
 body=None 
 </msg>
<msg timestamp="20230906 10:14:05.446" level="INFO">GET Response : url=https://serverest.dev/produtos/K6leHdftCeOJj8BJ 
 status=200, reason=OK 
 headers={'access-control-allow-origin': '*', 'x-dns-prefetch-control': 'off', 'x-frame-options': 'SAMEORIGIN', 'strict-transport-security': 'max-age=15552000; includeSubDomains', 'x-download-options': 'noopen', 'x-content-type-options': 'nosniff', 'x-xss-protection': '1; mode=block', 'x-moesif-transaction-id': '1302c4cd-fca1-417f-92ed-7ed348eb5920', 'content-type': 'application/json; charset=utf-8', 'X-Cloud-Trace-Context': '90b09e9729bb3324a07899878bcb863c', 'Date': 'Wed, 06 Sep 2023 13:13:57 GMT', 'Server': 'Google Frontend', 'Content-Length': '136'} 
 body={
    "nome": "Samsung 60 polegadas",
    "preco": 5240,
    "descricao": "TV",
    "quantidade": 49977,
    "_id": "K6leHdftCeOJj8BJ"
} 
 </msg>
<msg timestamp="20230906 10:14:05.446" level="INFO">${RESPONSE} = &lt;Response [200]&gt;</msg>
<status status="PASS" starttime="20230906 10:14:05.247" endtime="20230906 10:14:05.446"/>
</kw>
<kw name="Log" library="BuiltIn">
<arg>Resposta Retornada: ${\n}${RESPONSE.text}</arg>
<doc>Logs the given message with the given level.</doc>
<msg timestamp="20230906 10:14:05.449" level="INFO">Resposta Retornada: 
{
    "nome": "Samsung 60 polegadas",
    "preco": 5240,
    "descricao": "TV",
    "quantidade": 49977,
    "_id": "K6leHdftCeOJj8BJ"
}</msg>
<status status="PASS" starttime="20230906 10:14:05.447" endtime="20230906 10:14:05.449"/>
</kw>
<kw name="Should Be Equal As Integers" library="BuiltIn">
<arg>${RESPONSE.status_code}</arg>
<arg>200</arg>
<doc>Fails if objects are unequal after converting them to integers.</doc>
<msg timestamp="20230906 10:14:05.451" level="INFO">Argument types are:
&lt;class 'int'&gt;
&lt;class 'str'&gt;</msg>
<status status="PASS" starttime="20230906 10:14:05.450" endtime="20230906 10:14:05.452"/>
</kw>
<kw name="Dictionary Should Contain Item" library="Collections">
<arg>${RESPONSE.json()}</arg>
<arg>nome</arg>
<arg>Samsung 60 polegadas</arg>
<doc>An item of ``key`` / ``value`` must be found in a ``dictionary``.</doc>
<status status="PASS" starttime="20230906 10:14:05.452" endtime="20230906 10:14:05.454"/>
</kw>
<kw name="Dictionary Should Contain Item" library="Collections">
<arg>${RESPONSE.json()}</arg>
<arg>preco</arg>
<arg>${5240}</arg>
<doc>An item of ``key`` / ``value`` must be found in a ``dictionary``.</doc>
<status status="PASS" starttime="20230906 10:14:05.454" endtime="20230906 10:14:05.457"/>
</kw>
<kw name="Dictionary Should Contain Item" library="Collections">
<arg>${RESPONSE.json()}</arg>
<arg>descricao</arg>
<arg>TV</arg>
<doc>An item of ``key`` / ``value`` must be found in a ``dictionary``.</doc>
<status status="PASS" starttime="20230906 10:14:05.458" endtime="20230906 10:14:05.460"/>
</kw>
<kw name="Dictionary Should Contain Item" library="Collections">
<arg>${RESPONSE.json()}</arg>
<arg>quantidade</arg>
<arg>${49977}</arg>
<doc>An item of ``key`` / ``value`` must be found in a ``dictionary``.</doc>
<status status="PASS" starttime="20230906 10:14:05.460" endtime="20230906 10:14:05.463"/>
</kw>
<kw name="Dictionary Should Contain Item" library="Collections">
<arg>${RESPONSE.json()}</arg>
<arg>_id</arg>
<arg>K6leHdftCeOJj8BJ</arg>
<doc>An item of ``key`` / ``value`` must be found in a ``dictionary``.</doc>
<status status="PASS" starttime="20230906 10:14:05.464" endtime="20230906 10:14:05.466"/>
</kw>
<kw name="Delete All Sessions" library="RequestsLibrary">
<doc>Removes all the session objects</doc>
<msg timestamp="20230906 10:14:05.467" level="INFO">Deleting All Sessions</msg>
<status status="PASS" starttime="20230906 10:14:05.466" endtime="20230906 10:14:05.467"/>
</kw>
<status status="PASS" starttime="20230906 10:14:05.244" endtime="20230906 10:14:05.467"/>
</kw>
<tag>caso feliz</tag>
<status status="PASS" starttime="20230906 10:14:03.945" endtime="20230906 10:14:05.468"/>
</test>
<test id="s1-t2" name="Cenário 2: Pesquisar produto por um id inexistente" line="14">
<kw name="DADO que o usuário inicie a sessão na API do serverest" library="cadastro_keywords">
<doc>Inicia a cessão na API do serverest</doc>
<kw name="Create Dictionary" library="BuiltIn">
<var>${HEADERS}</var>
<arg>Content-Type=application/json</arg>
<doc>Creates and returns a dictionary based on the given ``items``.</doc>
<msg timestamp="20230906 10:14:05.472" level="INFO">${HEADERS} = {'Content-Type': 'application/json'}</msg>
<status status="PASS" starttime="20230906 10:14:05.471" endtime="20230906 10:14:05.472"/>
</kw>
<kw name="Create Session" library="RequestsLibrary">
<arg>alias=serveRest</arg>
<arg>url=${BASE_URL}</arg>
<arg>headers=${HEADERS}</arg>
<arg>disable_warnings=1</arg>
<doc>Create Session: create a HTTP session to a server</doc>
<msg timestamp="20230906 10:14:05.474" level="INFO">Creating Session using : alias=serveRest, url=https://serverest.dev, headers={'Content-Type': 'application/json'},                     cookies={}, auth=None, timeout=None, proxies=None, verify=False,                     debug=0 </msg>
<status status="PASS" starttime="20230906 10:14:05.473" endtime="20230906 10:14:05.475"/>
</kw>
<status status="PASS" starttime="20230906 10:14:05.470" endtime="20230906 10:14:05.475"/>
</kw>
<kw name="E realize o cadastro no sistema" library="cadastro_keywords">
<kw name="Criar dados do usuário" library="cadastro_keywords">
<doc>Cria um dicionário com os dados do usuário</doc>
<kw name="First Name" library="FakerLibrary">
<var>${FIRT_NAME}</var>
<msg timestamp="20230906 10:14:05.478" level="INFO">${FIRT_NAME} = Brittany</msg>
<status status="PASS" starttime="20230906 10:14:05.478" endtime="20230906 10:14:05.479"/>
</kw>
<kw name="Last Name" library="FakerLibrary">
<var>${LAST_NAME}</var>
<msg timestamp="20230906 10:14:05.480" level="INFO">${LAST_NAME} = Barnes</msg>
<status status="PASS" starttime="20230906 10:14:05.479" endtime="20230906 10:14:05.480"/>
</kw>
<kw name="Email" library="FakerLibrary">
<var>${EMAIL}</var>
<msg timestamp="20230906 10:14:05.482" level="INFO">${EMAIL} = gilmoreemily@example.org</msg>
<status status="PASS" starttime="20230906 10:14:05.480" endtime="20230906 10:14:05.482"/>
</kw>
<kw name="Password" library="FakerLibrary">
<var>${PASSWORD}</var>
<doc>Generate a random password of the specified ``length``.</doc>
<msg timestamp="20230906 10:14:05.483" level="INFO">${PASSWORD} = !!6gXk&amp;gFO</msg>
<status status="PASS" starttime="20230906 10:14:05.482" endtime="20230906 10:14:05.483"/>
</kw>
<kw name="Create Dictionary" library="BuiltIn">
<var>${USUARIO}</var>
<arg>nome=${FIRT_NAME} ${LAST_NAME}</arg>
<arg>email=${EMAIL}</arg>
<arg>senha=${PASSWORD}</arg>
<doc>Creates and returns a dictionary based on the given ``items``.</doc>
<msg timestamp="20230906 10:14:05.485" level="INFO">${USUARIO} = {'nome': 'Brittany Barnes', 'email': 'gilmoreemily@example.org', 'senha': '!!6gXk&amp;gFO'}</msg>
<status status="PASS" starttime="20230906 10:14:05.483" endtime="20230906 10:14:05.485"/>
</kw>
<kw name="Set Suite Variable" library="BuiltIn">
<arg>${USUARIO}</arg>
<doc>Makes a variable available everywhere within the scope of the current suite.</doc>
<msg timestamp="20230906 10:14:05.486" level="INFO">${USUARIO} = {'nome': 'Brittany Barnes', 'email': 'gilmoreemily@example.org', 'senha': '!!6gXk&amp;gFO'}</msg>
<status status="PASS" starttime="20230906 10:14:05.485" endtime="20230906 10:14:05.487"/>
</kw>
<status status="PASS" starttime="20230906 10:14:05.477" endtime="20230906 10:14:05.487"/>
</kw>
<kw name="Create Dictionary" library="BuiltIn">
<var>${Body}</var>
<arg>nome=${USUARIO.nome}</arg>
<arg>email=${USUARIO.email}</arg>
<arg>password=${USUARIO.senha}</arg>
<arg>administrador=true</arg>
<doc>Creates and returns a dictionary based on the given ``items``.</doc>
<msg timestamp="20230906 10:14:05.492" level="INFO">${Body} = {'nome': 'Brittany Barnes', 'email': 'gilmoreemily@example.org', 'password': '!!6gXk&amp;gFO', 'administrador': 'true'}</msg>
<status status="PASS" starttime="20230906 10:14:05.487" endtime="20230906 10:14:05.492"/>
</kw>
<kw name="POST On Session" library="RequestsLibrary">
<var>${RESPONSE}</var>
<arg>alias=serveRest</arg>
<arg>url=usuarios</arg>
<arg>json=${BODY}</arg>
<doc>Sends a POST request on a previously created HTTP Session.</doc>
<msg timestamp="20230906 10:14:05.925" level="INFO">POST Request : url=https://serverest.dev/usuarios 
 path_url=/usuarios 
 headers={'User-Agent': 'python-requests/2.25.1', 'Accept-Encoding': 'gzip, deflate', 'Accept': '*/*', 'Connection': 'keep-alive', 'Content-Type': 'application/json', 'Content-Length': '115'} 
 body=b'{"nome": "Brittany Barnes", "email": "gilmoreemily@example.org", "password": "!!6gXk&amp;gFO", "administrador": "true"}' 
 </msg>
<msg timestamp="20230906 10:14:05.925" level="INFO">POST Response : url=https://serverest.dev/usuarios 
 status=201, reason=Created 
 headers={'access-control-allow-origin': '*', 'x-dns-prefetch-control': 'off', 'x-frame-options': 'SAMEORIGIN', 'strict-transport-security': 'max-age=15552000; includeSubDomains', 'x-download-options': 'noopen', 'x-content-type-options': 'nosniff', 'x-xss-protection': '1; mode=block', 'x-moesif-transaction-id': 'b07a9fd5-975d-4d5b-926c-f303894276fe', 'content-type': 'application/json; charset=utf-8', 'X-Cloud-Trace-Context': '819ad0e0462dba3a317567472bc373e3', 'Date': 'Wed, 06 Sep 2023 13:13:57 GMT', 'Server': 'Google Frontend', 'Content-Length': '82'} 
 body={
    "message": "Cadastro realizado com sucesso",
    "_id": "KYnwicnMvj6m4Ox8"
} 
 </msg>
<msg timestamp="20230906 10:14:05.925" level="INFO">${RESPONSE} = &lt;Response [201]&gt;</msg>
<status status="PASS" starttime="20230906 10:14:05.492" endtime="20230906 10:14:05.926"/>
</kw>
<kw name="Log" library="BuiltIn">
<arg>Resposta Retornada: ${\n}${RESPONSE.text}</arg>
<doc>Logs the given message with the given level.</doc>
<msg timestamp="20230906 10:14:05.928" level="INFO">Resposta Retornada: 
{
    "message": "Cadastro realizado com sucesso",
    "_id": "KYnwicnMvj6m4Ox8"
}</msg>
<status status="PASS" starttime="20230906 10:14:05.926" endtime="20230906 10:14:05.929"/>
</kw>
<status status="PASS" starttime="20230906 10:14:05.476" endtime="20230906 10:14:05.929"/>
</kw>
<kw name="QUANDO o usuário receber o Token" library="cadastro_keywords">
<kw name="Create Dictionary" library="BuiltIn">
<var>${BODY}</var>
<arg>email=${USUARIO.email}</arg>
<arg>password=${USUARIO.senha}</arg>
<doc>Creates and returns a dictionary based on the given ``items``.</doc>
<msg timestamp="20230906 10:14:05.934" level="INFO">${BODY} = {'email': 'gilmoreemily@example.org', 'password': '!!6gXk&amp;gFO'}</msg>
<status status="PASS" starttime="20230906 10:14:05.930" endtime="20230906 10:14:05.934"/>
</kw>
<kw name="POST On Session" library="RequestsLibrary">
<var>${RESPONSE}</var>
<arg>alias=serveRest</arg>
<arg>url=login</arg>
<arg>json=${BODY}</arg>
<doc>Sends a POST request on a previously created HTTP Session.</doc>
<msg timestamp="20230906 10:14:06.133" level="INFO">POST Request : url=https://serverest.dev/login 
 path_url=/login 
 headers={'User-Agent': 'python-requests/2.25.1', 'Accept-Encoding': 'gzip, deflate', 'Accept': '*/*', 'Connection': 'keep-alive', 'Content-Type': 'application/json', 'Content-Length': '63'} 
 body=b'{"email": "gilmoreemily@example.org", "password": "!!6gXk&amp;gFO"}' 
 </msg>
<msg timestamp="20230906 10:14:06.133" level="INFO">POST Response : url=https://serverest.dev/login 
 status=200, reason=OK 
 headers={'access-control-allow-origin': '*', 'x-dns-prefetch-control': 'off', 'x-frame-options': 'SAMEORIGIN', 'strict-transport-security': 'max-age=15552000; includeSubDomains', 'x-download-options': 'noopen', 'x-content-type-options': 'nosniff', 'x-xss-protection': '1; mode=block', 'x-moesif-transaction-id': 'ca222593-b399-4b8b-ad39-f808c5e5144c', 'content-type': 'application/json; charset=utf-8', 'X-Cloud-Trace-Context': 'd8fbcaa6ad51a257c1a765d735483d27', 'Date': 'Wed, 06 Sep 2023 13:13:58 GMT', 'Server': 'Google Frontend', 'Content-Length': '287'} 
 body={
    "message": "Login realizado com sucesso",
    "authorization": "Bearer eyJhbGciOiJIUzI1NiIsInR5cCI6IkpXVCJ9.eyJlbWFpbCI6ImdpbG1vcmVlbWlseUBleGFtcGxlLm9yZyIsInBhc3N3b3JkIjoiISE2Z1hrJmdGTyIsImlhdCI6MTY5NDAwNjAzOCwiZXhwIjoxNjk0MDA2NjM4fQ.bGASTf8_enjO5XlJ0w3MhTL_x8lhQAgzXOXa1Y4I3z4"
} 
 </msg>
<msg timestamp="20230906 10:14:06.133" level="INFO">${RESPONSE} = &lt;Response [200]&gt;</msg>
<status status="PASS" starttime="20230906 10:14:05.934" endtime="20230906 10:14:06.133"/>
</kw>
<kw name="Log" library="BuiltIn">
<arg>Resposta Retornada: ${\n}${RESPONSE.text}</arg>
<doc>Logs the given message with the given level.</doc>
<msg timestamp="20230906 10:14:06.136" level="INFO">Resposta Retornada: 
{
    "message": "Login realizado com sucesso",
    "authorization": "Bearer eyJhbGciOiJIUzI1NiIsInR5cCI6IkpXVCJ9.eyJlbWFpbCI6ImdpbG1vcmVlbWlseUBleGFtcGxlLm9yZyIsInBhc3N3b3JkIjoiISE2Z1hrJmdGTyIsImlhdCI6MTY5NDAwNjAzOCwiZXhwIjoxNjk0MDA2NjM4fQ.bGASTf8_enjO5XlJ0w3MhTL_x8lhQAgzXOXa1Y4I3z4"
}</msg>
<status status="PASS" starttime="20230906 10:14:06.134" endtime="20230906 10:14:06.136"/>
</kw>
<kw name="Dictionary Should Contain Item" library="Collections">
<arg>${RESPONSE.json()}</arg>
<arg>message</arg>
<arg>Login realizado com sucesso</arg>
<doc>An item of ``key`` / ``value`` must be found in a ``dictionary``.</doc>
<status status="PASS" starttime="20230906 10:14:06.137" endtime="20230906 10:14:06.139"/>
</kw>
<kw name="Get From Dictionary" library="Collections">
<var>${TOKEN}</var>
<arg>${RESPONSE.json()}</arg>
<arg>authorization</arg>
<doc>Returns a value from the given ``dictionary`` based on the given ``key``.</doc>
<msg timestamp="20230906 10:14:06.141" level="INFO">${TOKEN} = Bearer eyJhbGciOiJIUzI1NiIsInR5cCI6IkpXVCJ9.eyJlbWFpbCI6ImdpbG1vcmVlbWlseUBleGFtcGxlLm9yZyIsInBhc3N3b3JkIjoiISE2Z1hrJmdGTyIsImlhdCI6MTY5NDAwNjAzOCwiZXhwIjoxNjk0MDA2NjM4fQ.bGASTf8_enjO5XlJ0w3MhTL_x8lhQ...</msg>
<status status="PASS" starttime="20230906 10:14:06.139" endtime="20230906 10:14:06.141"/>
</kw>
<kw name="Set Suite Variable" library="BuiltIn">
<arg>${TOKEN}</arg>
<doc>Makes a variable available everywhere within the scope of the current suite.</doc>
<msg timestamp="20230906 10:14:06.142" level="INFO">${TOKEN} = Bearer eyJhbGciOiJIUzI1NiIsInR5cCI6IkpXVCJ9.eyJlbWFpbCI6ImdpbG1vcmVlbWlseUBleGFtcGxlLm9yZyIsInBhc3N3b3JkIjoiISE2Z1hrJmdGTyIsImlhdCI6MTY5NDAwNjAzOCwiZXhwIjoxNjk0MDA2NjM4fQ.bGASTf8_enjO5XlJ0w3MhTL_x8lhQ...</msg>
<status status="PASS" starttime="20230906 10:14:06.142" endtime="20230906 10:14:06.143"/>
</kw>
<status status="PASS" starttime="20230906 10:14:05.929" endtime="20230906 10:14:06.143"/>
</kw>
<kw name="E realizar a requisição com um id inexistente" library="GET_produtos_keywords">
<doc>Realiza uma requisição informando um id inválido igual a 123</doc>
<kw name="GET On Session" library="RequestsLibrary">
<var>${RESPONSE}</var>
<arg>alias=serveRest</arg>
<arg>url=/produtos/A123</arg>
<arg>expected_status=400</arg>
<doc>Sends a GET request on a previously created HTTP Session.</doc>
<msg timestamp="20230906 10:14:06.344" level="INFO">GET Request : url=https://serverest.dev/produtos/A123 
 path_url=/produtos/A123 
 headers={'User-Agent': 'python-requests/2.25.1', 'Accept-Encoding': 'gzip, deflate', 'Accept': '*/*', 'Connection': 'keep-alive', 'Content-Type': 'application/json'} 
 body=None 
 </msg>
<msg timestamp="20230906 10:14:06.344" level="INFO">GET Response : url=https://serverest.dev/produtos/A123 
 status=400, reason=Bad Request 
 headers={'access-control-allow-origin': '*', 'x-dns-prefetch-control': 'off', 'x-frame-options': 'SAMEORIGIN', 'strict-transport-security': 'max-age=15552000; includeSubDomains', 'x-download-options': 'noopen', 'x-content-type-options': 'nosniff', 'x-xss-protection': '1; mode=block', 'x-moesif-transaction-id': 'c9ed3f9b-9807-47da-af01-302a1fac7927', 'content-type': 'application/json; charset=utf-8', 'X-Cloud-Trace-Context': 'e1eee187b2e39daacd7e1f78a49648f7', 'Date': 'Wed, 06 Sep 2023 13:13:58 GMT', 'Server': 'Google Frontend', 'Content-Length': '44'} 
 body={
    "message": "Produto não encontrado"
} 
 </msg>
<msg timestamp="20230906 10:14:06.345" level="INFO">${RESPONSE} = &lt;Response [400]&gt;</msg>
<status status="PASS" starttime="20230906 10:14:06.144" endtime="20230906 10:14:06.345"/>
</kw>
<kw name="Should Be Equal As Strings" library="BuiltIn">
<arg>${RESPONSE.status_code}</arg>
<arg>400</arg>
<doc>Fails if objects are unequal after converting them to strings.</doc>
<msg timestamp="20230906 10:14:06.347" level="INFO">Argument types are:
&lt;class 'int'&gt;
&lt;class 'str'&gt;</msg>
<status status="PASS" starttime="20230906 10:14:06.345" endtime="20230906 10:14:06.347"/>
</kw>
<status status="PASS" starttime="20230906 10:14:06.143" endtime="20230906 10:14:06.348"/>
</kw>
<kw name="Então o sistema deve retornar um json contendo uma mensagem de erro" library="GET_produtos_keywords">
<doc>Verifica se o status de erro é 400</doc>
<kw name="Create Dictionary" library="BuiltIn">
<var>${HEADERS}</var>
<arg>Authorization=${TOKEN}</arg>
<doc>Creates and returns a dictionary based on the given ``items``.</doc>
<msg timestamp="20230906 10:14:06.350" level="INFO">${HEADERS} = {'Authorization': 'Bearer eyJhbGciOiJIUzI1NiIsInR5cCI6IkpXVCJ9.eyJlbWFpbCI6ImdpbG1vcmVlbWlseUBleGFtcGxlLm9yZyIsInBhc3N3b3JkIjoiISE2Z1hrJmdGTyIsImlhdCI6MTY5NDAwNjAzOCwiZXhwIjoxNjk0MDA2NjM4fQ.bGASTf8_en...</msg>
<status status="PASS" starttime="20230906 10:14:06.349" endtime="20230906 10:14:06.350"/>
</kw>
<kw name="GET On Session" library="RequestsLibrary">
<var>${RESPONSE}</var>
<arg>alias=serveRest</arg>
<arg>url=/produtos/A123</arg>
<arg>headers=${HEADERS}</arg>
<arg>expected_status=400</arg>
<doc>Sends a GET request on a previously created HTTP Session.</doc>
<msg timestamp="20230906 10:14:06.550" level="INFO">GET Request : url=https://serverest.dev/produtos/A123 
 path_url=/produtos/A123 
 headers={'User-Agent': 'python-requests/2.25.1', 'Accept-Encoding': 'gzip, deflate', 'Accept': '*/*', 'Connection': 'keep-alive', 'Content-Type': 'application/json', 'Authorization': 'Bearer eyJhbGciOiJIUzI1NiIsInR5cCI6IkpXVCJ9.eyJlbWFpbCI6ImdpbG1vcmVlbWlseUBleGFtcGxlLm9yZyIsInBhc3N3b3JkIjoiISE2Z1hrJmdGTyIsImlhdCI6MTY5NDAwNjAzOCwiZXhwIjoxNjk0MDA2NjM4fQ.bGASTf8_enjO5XlJ0w3MhTL_x8lhQAgzXOXa1Y4I3z4'} 
 body=None 
 </msg>
<msg timestamp="20230906 10:14:06.550" level="INFO">GET Response : url=https://serverest.dev/produtos/A123 
 status=400, reason=Bad Request 
 headers={'access-control-allow-origin': '*', 'x-dns-prefetch-control': 'off', 'x-frame-options': 'SAMEORIGIN', 'strict-transport-security': 'max-age=15552000; includeSubDomains', 'x-download-options': 'noopen', 'x-content-type-options': 'nosniff', 'x-xss-protection': '1; mode=block', 'x-moesif-transaction-id': '22d2d0dd-f073-4c8f-a171-7597691f9f92', 'content-type': 'application/json; charset=utf-8', 'X-Cloud-Trace-Context': 'a3eaff8b4e719e75ac404fccda61ee19', 'Date': 'Wed, 06 Sep 2023 13:13:58 GMT', 'Server': 'Google Frontend', 'Content-Length': '44'} 
 body={
    "message": "Produto não encontrado"
} 
 </msg>
<msg timestamp="20230906 10:14:06.551" level="INFO">${RESPONSE} = &lt;Response [400]&gt;</msg>
<status status="PASS" starttime="20230906 10:14:06.351" endtime="20230906 10:14:06.551"/>
</kw>
<kw name="Dictionary Should Contain Item" library="Collections">
<arg>${RESPONSE.json()}</arg>
<arg>message</arg>
<arg>Produto não encontrado</arg>
<doc>An item of ``key`` / ``value`` must be found in a ``dictionary``.</doc>
<status status="PASS" starttime="20230906 10:14:06.551" endtime="20230906 10:14:06.553"/>
</kw>
<kw name="Delete All Sessions" library="RequestsLibrary">
<doc>Removes all the session objects</doc>
<msg timestamp="20230906 10:14:06.554" level="INFO">Deleting All Sessions</msg>
<status status="PASS" starttime="20230906 10:14:06.554" endtime="20230906 10:14:06.555"/>
</kw>
<status status="PASS" starttime="20230906 10:14:06.348" endtime="20230906 10:14:06.555"/>
</kw>
<tag>requisição inválida</tag>
<status status="PASS" starttime="20230906 10:14:05.469" endtime="20230906 10:14:06.556"/>
</test>
<test id="s1-t3" name="Cenário 3: Pesquisar produto com id em branco" line="22">
<kw name="DADO que o usuário inicie a sessão na API do serverest" library="cadastro_keywords">
<doc>Inicia a cessão na API do serverest</doc>
<kw name="Create Dictionary" library="BuiltIn">
<var>${HEADERS}</var>
<arg>Content-Type=application/json</arg>
<doc>Creates and returns a dictionary based on the given ``items``.</doc>
<msg timestamp="20230906 10:14:06.560" level="INFO">${HEADERS} = {'Content-Type': 'application/json'}</msg>
<status status="PASS" starttime="20230906 10:14:06.559" endtime="20230906 10:14:06.560"/>
</kw>
<kw name="Create Session" library="RequestsLibrary">
<arg>alias=serveRest</arg>
<arg>url=${BASE_URL}</arg>
<arg>headers=${HEADERS}</arg>
<arg>disable_warnings=1</arg>
<doc>Create Session: create a HTTP session to a server</doc>
<msg timestamp="20230906 10:14:06.562" level="INFO">Creating Session using : alias=serveRest, url=https://serverest.dev, headers={'Content-Type': 'application/json'},                     cookies={}, auth=None, timeout=None, proxies=None, verify=False,                     debug=0 </msg>
<status status="PASS" starttime="20230906 10:14:06.560" endtime="20230906 10:14:06.563"/>
</kw>
<status status="PASS" starttime="20230906 10:14:06.558" endtime="20230906 10:14:06.563"/>
</kw>
<kw name="E realize o cadastro no sistema" library="cadastro_keywords">
<kw name="Criar dados do usuário" library="cadastro_keywords">
<doc>Cria um dicionário com os dados do usuário</doc>
<kw name="First Name" library="FakerLibrary">
<var>${FIRT_NAME}</var>
<msg timestamp="20230906 10:14:06.566" level="INFO">${FIRT_NAME} = Carolyn</msg>
<status status="PASS" starttime="20230906 10:14:06.565" endtime="20230906 10:14:06.566"/>
</kw>
<kw name="Last Name" library="FakerLibrary">
<var>${LAST_NAME}</var>
<msg timestamp="20230906 10:14:06.568" level="INFO">${LAST_NAME} = Murray</msg>
<status status="PASS" starttime="20230906 10:14:06.567" endtime="20230906 10:14:06.568"/>
</kw>
<kw name="Email" library="FakerLibrary">
<var>${EMAIL}</var>
<msg timestamp="20230906 10:14:06.569" level="INFO">${EMAIL} = vchapman@example.net</msg>
<status status="PASS" starttime="20230906 10:14:06.568" endtime="20230906 10:14:06.569"/>
</kw>
<kw name="Password" library="FakerLibrary">
<var>${PASSWORD}</var>
<doc>Generate a random password of the specified ``length``.</doc>
<msg timestamp="20230906 10:14:06.570" level="INFO">${PASSWORD} = p$i4EYZkTz</msg>
<status status="PASS" starttime="20230906 10:14:06.570" endtime="20230906 10:14:06.571"/>
</kw>
<kw name="Create Dictionary" library="BuiltIn">
<var>${USUARIO}</var>
<arg>nome=${FIRT_NAME} ${LAST_NAME}</arg>
<arg>email=${EMAIL}</arg>
<arg>senha=${PASSWORD}</arg>
<doc>Creates and returns a dictionary based on the given ``items``.</doc>
<msg timestamp="20230906 10:14:06.573" level="INFO">${USUARIO} = {'nome': 'Carolyn Murray', 'email': 'vchapman@example.net', 'senha': 'p$i4EYZkTz'}</msg>
<status status="PASS" starttime="20230906 10:14:06.571" endtime="20230906 10:14:06.573"/>
</kw>
<kw name="Set Suite Variable" library="BuiltIn">
<arg>${USUARIO}</arg>
<doc>Makes a variable available everywhere within the scope of the current suite.</doc>
<msg timestamp="20230906 10:14:06.574" level="INFO">${USUARIO} = {'nome': 'Carolyn Murray', 'email': 'vchapman@example.net', 'senha': 'p$i4EYZkTz'}</msg>
<status status="PASS" starttime="20230906 10:14:06.573" endtime="20230906 10:14:06.574"/>
</kw>
<status status="PASS" starttime="20230906 10:14:06.564" endtime="20230906 10:14:06.574"/>
</kw>
<kw name="Create Dictionary" library="BuiltIn">
<var>${Body}</var>
<arg>nome=${USUARIO.nome}</arg>
<arg>email=${USUARIO.email}</arg>
<arg>password=${USUARIO.senha}</arg>
<arg>administrador=true</arg>
<doc>Creates and returns a dictionary based on the given ``items``.</doc>
<msg timestamp="20230906 10:14:06.581" level="INFO">${Body} = {'nome': 'Carolyn Murray', 'email': 'vchapman@example.net', 'password': 'p$i4EYZkTz', 'administrador': 'true'}</msg>
<status status="PASS" starttime="20230906 10:14:06.575" endtime="20230906 10:14:06.581"/>
</kw>
<kw name="POST On Session" library="RequestsLibrary">
<var>${RESPONSE}</var>
<arg>alias=serveRest</arg>
<arg>url=usuarios</arg>
<arg>json=${BODY}</arg>
<doc>Sends a POST request on a previously created HTTP Session.</doc>
<msg timestamp="20230906 10:14:07.028" level="INFO">POST Request : url=https://serverest.dev/usuarios 
 path_url=/usuarios 
 headers={'User-Agent': 'python-requests/2.25.1', 'Accept-Encoding': 'gzip, deflate', 'Accept': '*/*', 'Connection': 'keep-alive', 'Content-Type': 'application/json', 'Content-Length': '110'} 
 body=b'{"nome": "Carolyn Murray", "email": "vchapman@example.net", "password": "p$i4EYZkTz", "administrador": "true"}' 
 </msg>
<msg timestamp="20230906 10:14:07.028" level="INFO">POST Response : url=https://serverest.dev/usuarios 
 status=201, reason=Created 
 headers={'access-control-allow-origin': '*', 'x-dns-prefetch-control': 'off', 'x-frame-options': 'SAMEORIGIN', 'strict-transport-security': 'max-age=15552000; includeSubDomains', 'x-download-options': 'noopen', 'x-content-type-options': 'nosniff', 'x-xss-protection': '1; mode=block', 'x-moesif-transaction-id': '1e4d30cf-fe9c-48a5-87b4-5918560e3e0a', 'content-type': 'application/json; charset=utf-8', 'X-Cloud-Trace-Context': '693f43860a9e6f46809c0bc15db627ed', 'Date': 'Wed, 06 Sep 2023 13:13:58 GMT', 'Server': 'Google Frontend', 'Content-Length': '82'} 
 body={
    "message": "Cadastro realizado com sucesso",
    "_id": "BmQnWSApPESjSoJD"
} 
 </msg>
<msg timestamp="20230906 10:14:07.028" level="INFO">${RESPONSE} = &lt;Response [201]&gt;</msg>
<status status="PASS" starttime="20230906 10:14:06.581" endtime="20230906 10:14:07.028"/>
</kw>
<kw name="Log" library="BuiltIn">
<arg>Resposta Retornada: ${\n}${RESPONSE.text}</arg>
<doc>Logs the given message with the given level.</doc>
<msg timestamp="20230906 10:14:07.031" level="INFO">Resposta Retornada: 
{
    "message": "Cadastro realizado com sucesso",
    "_id": "BmQnWSApPESjSoJD"
}</msg>
<status status="PASS" starttime="20230906 10:14:07.029" endtime="20230906 10:14:07.031"/>
</kw>
<status status="PASS" starttime="20230906 10:14:06.563" endtime="20230906 10:14:07.032"/>
</kw>
<kw name="QUANDO o usuário receber o Token" library="cadastro_keywords">
<kw name="Create Dictionary" library="BuiltIn">
<var>${BODY}</var>
<arg>email=${USUARIO.email}</arg>
<arg>password=${USUARIO.senha}</arg>
<doc>Creates and returns a dictionary based on the given ``items``.</doc>
<msg timestamp="20230906 10:14:07.037" level="INFO">${BODY} = {'email': 'vchapman@example.net', 'password': 'p$i4EYZkTz'}</msg>
<status status="PASS" starttime="20230906 10:14:07.033" endtime="20230906 10:14:07.037"/>
</kw>
<kw name="POST On Session" library="RequestsLibrary">
<var>${RESPONSE}</var>
<arg>alias=serveRest</arg>
<arg>url=login</arg>
<arg>json=${BODY}</arg>
<doc>Sends a POST request on a previously created HTTP Session.</doc>
<msg timestamp="20230906 10:14:07.232" level="INFO">POST Request : url=https://serverest.dev/login 
 path_url=/login 
 headers={'User-Agent': 'python-requests/2.25.1', 'Accept-Encoding': 'gzip, deflate', 'Accept': '*/*', 'Connection': 'keep-alive', 'Content-Type': 'application/json', 'Content-Length': '59'} 
 body=b'{"email": "vchapman@example.net", "password": "p$i4EYZkTz"}' 
 </msg>
<msg timestamp="20230906 10:14:07.232" level="INFO">POST Response : url=https://serverest.dev/login 
 status=200, reason=OK 
 headers={'access-control-allow-origin': '*', 'x-dns-prefetch-control': 'off', 'x-frame-options': 'SAMEORIGIN', 'strict-transport-security': 'max-age=15552000; includeSubDomains', 'x-download-options': 'noopen', 'x-content-type-options': 'nosniff', 'x-xss-protection': '1; mode=block', 'x-moesif-transaction-id': '2075f26a-091d-4576-b28e-7a87a98b459a', 'content-type': 'application/json; charset=utf-8', 'X-Cloud-Trace-Context': '9a405e061f2a710dd4842debc06b8f54', 'Date': 'Wed, 06 Sep 2023 13:13:59 GMT', 'Server': 'Google Frontend', 'Content-Length': '281'} 
 body={
    "message": "Login realizado com sucesso",
    "authorization": "Bearer eyJhbGciOiJIUzI1NiIsInR5cCI6IkpXVCJ9.eyJlbWFpbCI6InZjaGFwbWFuQGV4YW1wbGUubmV0IiwicGFzc3dvcmQiOiJwJGk0RVlaa1R6IiwiaWF0IjoxNjk0MDA2MDM5LCJleHAiOjE2OTQwMDY2Mzl9.GOm-5nBPRfghVdfxguLs15pZNQ-paRnVp-_6Shs6zD8"
} 
 </msg>
<msg timestamp="20230906 10:14:07.233" level="INFO">${RESPONSE} = &lt;Response [200]&gt;</msg>
<status status="PASS" starttime="20230906 10:14:07.037" endtime="20230906 10:14:07.233"/>
</kw>
<kw name="Log" library="BuiltIn">
<arg>Resposta Retornada: ${\n}${RESPONSE.text}</arg>
<doc>Logs the given message with the given level.</doc>
<msg timestamp="20230906 10:14:07.235" level="INFO">Resposta Retornada: 
{
    "message": "Login realizado com sucesso",
    "authorization": "Bearer eyJhbGciOiJIUzI1NiIsInR5cCI6IkpXVCJ9.eyJlbWFpbCI6InZjaGFwbWFuQGV4YW1wbGUubmV0IiwicGFzc3dvcmQiOiJwJGk0RVlaa1R6IiwiaWF0IjoxNjk0MDA2MDM5LCJleHAiOjE2OTQwMDY2Mzl9.GOm-5nBPRfghVdfxguLs15pZNQ-paRnVp-_6Shs6zD8"
}</msg>
<status status="PASS" starttime="20230906 10:14:07.233" endtime="20230906 10:14:07.235"/>
</kw>
<kw name="Dictionary Should Contain Item" library="Collections">
<arg>${RESPONSE.json()}</arg>
<arg>message</arg>
<arg>Login realizado com sucesso</arg>
<doc>An item of ``key`` / ``value`` must be found in a ``dictionary``.</doc>
<status status="PASS" starttime="20230906 10:14:07.236" endtime="20230906 10:14:07.238"/>
</kw>
<kw name="Get From Dictionary" library="Collections">
<var>${TOKEN}</var>
<arg>${RESPONSE.json()}</arg>
<arg>authorization</arg>
<doc>Returns a value from the given ``dictionary`` based on the given ``key``.</doc>
<msg timestamp="20230906 10:14:07.240" level="INFO">${TOKEN} = Bearer eyJhbGciOiJIUzI1NiIsInR5cCI6IkpXVCJ9.eyJlbWFpbCI6InZjaGFwbWFuQGV4YW1wbGUubmV0IiwicGFzc3dvcmQiOiJwJGk0RVlaa1R6IiwiaWF0IjoxNjk0MDA2MDM5LCJleHAiOjE2OTQwMDY2Mzl9.GOm-5nBPRfghVdfxguLs15pZNQ-paRnVp-_...</msg>
<status status="PASS" starttime="20230906 10:14:07.238" endtime="20230906 10:14:07.240"/>
</kw>
<kw name="Set Suite Variable" library="BuiltIn">
<arg>${TOKEN}</arg>
<doc>Makes a variable available everywhere within the scope of the current suite.</doc>
<msg timestamp="20230906 10:14:07.241" level="INFO">${TOKEN} = Bearer eyJhbGciOiJIUzI1NiIsInR5cCI6IkpXVCJ9.eyJlbWFpbCI6InZjaGFwbWFuQGV4YW1wbGUubmV0IiwicGFzc3dvcmQiOiJwJGk0RVlaa1R6IiwiaWF0IjoxNjk0MDA2MDM5LCJleHAiOjE2OTQwMDY2Mzl9.GOm-5nBPRfghVdfxguLs15pZNQ-paRnVp-_...</msg>
<status status="PASS" starttime="20230906 10:14:07.241" endtime="20230906 10:14:07.242"/>
</kw>
<status status="PASS" starttime="20230906 10:14:07.032" endtime="20230906 10:14:07.242"/>
</kw>
<kw name="E realizar a requisição com um id em branco" library="GET_produtos_keywords">
<doc>Realiza uma requisição sem informar um id</doc>
<kw name="GET On Session" library="RequestsLibrary">
<var>${RESPONSE}</var>
<arg>alias=serveRest</arg>
<arg>url=/produtos/</arg>
<arg>expected_status=200</arg>
<doc>Sends a GET request on a previously created HTTP Session.</doc>
<msg timestamp="20230906 10:14:07.441" level="INFO">GET Request : url=https://serverest.dev/produtos/ 
 path_url=/produtos/ 
 headers={'User-Agent': 'python-requests/2.25.1', 'Accept-Encoding': 'gzip, deflate', 'Accept': '*/*', 'Connection': 'keep-alive', 'Content-Type': 'application/json'} 
 body=None 
 </msg>
<msg timestamp="20230906 10:14:07.441" level="INFO">GET Response : url=https://serverest.dev/produtos/ 
 status=200, reason=OK 
 headers={'access-control-allow-origin': '*', 'x-dns-prefetch-control': 'off', 'x-frame-options': 'SAMEORIGIN', 'strict-transport-security': 'max-age=15552000; includeSubDomains', 'x-download-options': 'noopen', 'x-content-type-options': 'nosniff', 'x-xss-protection': '1; mode=block', 'x-moesif-transaction-id': '6811ac67-9440-46a7-b456-5f2143102500', 'content-type': 'application/json; charset=utf-8', 'X-Cloud-Trace-Context': 'a5eded8f0de507209dcb3245cdbeec98', 'Date': 'Wed, 06 Sep 2023 13:13:59 GMT', 'Server': 'Google Frontend', 'Content-Length': '435'} 
 body={
    "quantidade": 2,
    "produtos": [
        {
            "nome": "Logitech MX Vertical",
            "preco": 470,
            "descricao": "Mouse",
            "quantidade": 382,
            "_id": "BeeJh5lz3k6kSIzA"
        },
        {
            "nome": "Samsung 60 polegadas",
            "preco": 5240,
            "descricao": "TV",
            "quantidade": 49977,
            "_id": "K6leHdftCeOJj8BJ"
        }
    ]
} 
 </msg>
<msg timestamp="20230906 10:14:07.442" level="INFO">${RESPONSE} = &lt;Response [200]&gt;</msg>
<status status="PASS" starttime="20230906 10:14:07.243" endtime="20230906 10:14:07.442"/>
</kw>
<kw name="Should Be Equal As Strings" library="BuiltIn">
<arg>${RESPONSE.status_code}</arg>
<arg>200</arg>
<doc>Fails if objects are unequal after converting them to strings.</doc>
<msg timestamp="20230906 10:14:07.444" level="INFO">Argument types are:
&lt;class 'int'&gt;
&lt;class 'str'&gt;</msg>
<status status="PASS" starttime="20230906 10:14:07.442" endtime="20230906 10:14:07.444"/>
</kw>
<status status="PASS" starttime="20230906 10:14:07.242" endtime="20230906 10:14:07.445"/>
</kw>
<kw name="Então o sistema deve retornar um json contendo todos os produtos cadastrados" library="GET_produtos_keywords">
<doc>Verifica se a quantidade de produtos retornados está correta</doc>
<kw name="Create Dictionary" library="BuiltIn">
<var>${HEADERS}</var>
<arg>Authorization=${TOKEN}</arg>
<doc>Creates and returns a dictionary based on the given ``items``.</doc>
<msg timestamp="20230906 10:14:07.447" level="INFO">${HEADERS} = {'Authorization': 'Bearer eyJhbGciOiJIUzI1NiIsInR5cCI6IkpXVCJ9.eyJlbWFpbCI6InZjaGFwbWFuQGV4YW1wbGUubmV0IiwicGFzc3dvcmQiOiJwJGk0RVlaa1R6IiwiaWF0IjoxNjk0MDA2MDM5LCJleHAiOjE2OTQwMDY2Mzl9.GOm-5nBPRfghVdfx...</msg>
<status status="PASS" starttime="20230906 10:14:07.446" endtime="20230906 10:14:07.447"/>
</kw>
<kw name="GET On Session" library="RequestsLibrary">
<var>${RESPONSE}</var>
<arg>alias=serveRest</arg>
<arg>url=/produtos/</arg>
<arg>headers=${HEADERS}</arg>
<doc>Sends a GET request on a previously created HTTP Session.</doc>
<msg timestamp="20230906 10:14:07.642" level="INFO">GET Request : url=https://serverest.dev/produtos/ 
 path_url=/produtos/ 
 headers={'User-Agent': 'python-requests/2.25.1', 'Accept-Encoding': 'gzip, deflate', 'Accept': '*/*', 'Connection': 'keep-alive', 'Content-Type': 'application/json', 'Authorization': 'Bearer eyJhbGciOiJIUzI1NiIsInR5cCI6IkpXVCJ9.eyJlbWFpbCI6InZjaGFwbWFuQGV4YW1wbGUubmV0IiwicGFzc3dvcmQiOiJwJGk0RVlaa1R6IiwiaWF0IjoxNjk0MDA2MDM5LCJleHAiOjE2OTQwMDY2Mzl9.GOm-5nBPRfghVdfxguLs15pZNQ-paRnVp-_6Shs6zD8'} 
 body=None 
 </msg>
<msg timestamp="20230906 10:14:07.642" level="INFO">GET Response : url=https://serverest.dev/produtos/ 
 status=200, reason=OK 
 headers={'access-control-allow-origin': '*', 'x-dns-prefetch-control': 'off', 'x-frame-options': 'SAMEORIGIN', 'strict-transport-security': 'max-age=15552000; includeSubDomains', 'x-download-options': 'noopen', 'x-content-type-options': 'nosniff', 'x-xss-protection': '1; mode=block', 'x-moesif-transaction-id': 'a4b0d8fe-70b5-44ce-a5ed-10a9313af5b4', 'content-type': 'application/json; charset=utf-8', 'X-Cloud-Trace-Context': '5017425275ef6c2ab84eecf31f1b631d', 'Date': 'Wed, 06 Sep 2023 13:13:59 GMT', 'Server': 'Google Frontend', 'Content-Length': '435'} 
 body={
    "quantidade": 2,
    "produtos": [
        {
            "nome": "Logitech MX Vertical",
            "preco": 470,
            "descricao": "Mouse",
            "quantidade": 382,
            "_id": "BeeJh5lz3k6kSIzA"
        },
        {
            "nome": "Samsung 60 polegadas",
            "preco": 5240,
            "descricao": "TV",
            "quantidade": 49977,
            "_id": "K6leHdftCeOJj8BJ"
        }
    ]
} 
 </msg>
<msg timestamp="20230906 10:14:07.642" level="INFO">${RESPONSE} = &lt;Response [200]&gt;</msg>
<status status="PASS" starttime="20230906 10:14:07.448" endtime="20230906 10:14:07.643"/>
</kw>
<kw name="Log" library="BuiltIn">
<arg>Resposta Retornada: ${\n}${RESPONSE.text}</arg>
<doc>Logs the given message with the given level.</doc>
<msg timestamp="20230906 10:14:07.645" level="INFO">Resposta Retornada: 
{
    "quantidade": 2,
    "produtos": [
        {
            "nome": "Logitech MX Vertical",
            "preco": 470,
            "descricao": "Mouse",
            "quantidade": 382,
            "_id": "BeeJh5lz3k6kSIzA"
        },
        {
            "nome": "Samsung 60 polegadas",
            "preco": 5240,
            "descricao": "TV",
            "quantidade": 49977,
            "_id": "K6leHdftCeOJj8BJ"
        }
    ]
}</msg>
<status status="PASS" starttime="20230906 10:14:07.643" endtime="20230906 10:14:07.645"/>
</kw>
<kw name="Should Be Equal As Integers" library="BuiltIn">
<arg>${RESPONSE.status_code}</arg>
<arg>200</arg>
<doc>Fails if objects are unequal after converting them to integers.</doc>
<msg timestamp="20230906 10:14:07.647" level="INFO">Argument types are:
&lt;class 'int'&gt;
&lt;class 'str'&gt;</msg>
<status status="PASS" starttime="20230906 10:14:07.646" endtime="20230906 10:14:07.648"/>
</kw>
<kw name="Dictionary Should Contain Item" library="Collections">
<arg>${RESPONSE.json()}</arg>
<arg>quantidade</arg>
<arg>${2}</arg>
<doc>An item of ``key`` / ``value`` must be found in a ``dictionary``.</doc>
<status status="PASS" starttime="20230906 10:14:07.648" endtime="20230906 10:14:07.651"/>
</kw>
<kw name="Delete All Sessions" library="RequestsLibrary">
<doc>Removes all the session objects</doc>
<msg timestamp="20230906 10:14:07.652" level="INFO">Deleting All Sessions</msg>
<status status="PASS" starttime="20230906 10:14:07.651" endtime="20230906 10:14:07.652"/>
</kw>
<status status="PASS" starttime="20230906 10:14:07.445" endtime="20230906 10:14:07.652"/>
</kw>
<tag>requisição inválida</tag>
<status status="PASS" starttime="20230906 10:14:06.556" endtime="20230906 10:14:07.653"/>
</test>
<status status="PASS" starttime="20230906 10:14:01.090" endtime="20230906 10:14:07.655"/>
</suite>
<statistics>
<total>
<stat pass="3" fail="0" skip="0">All Tests</stat>
</total>
<tag>
<stat pass="1" fail="0" skip="0">caso feliz</stat>
<stat pass="2" fail="0" skip="0">requisição inválida</stat>
</tag>
<suite>
<stat pass="3" fail="0" skip="0" id="s1" name="GET produtos">GET produtos</stat>
</suite>
</statistics>
<errors>
</errors>
</robot>
